C51 COMPILER V9.01   MAN                                                                   12/27/2020 12:55:53 PAGE 1   


C51 COMPILER V9.01, COMPILATION OF MODULE MAN
OBJECT MODULE PLACED IN man.OBJ
COMPILER INVOKED BY: D:\C51\C51\BIN\C51.EXE man.c BROWSE DEBUG OBJECTEXTEND

line level    source

   1          #include <reg51.h>
   2          #include "intrins.h"
   3           
   4          sbit led = P2^0;          //默认高电平
   5          sbit k3 = P3^2;
   6          sbit k4 = P3^3;
   7          sbit SCK=P3^6;
   8          sbit RCK=P3^5;
   9          sbit SER=P3^4;
  10          
  11          typedef unsigned char u8;
  12          typedef unsigned int u16;
  13          
  14          u8 col[]={0x7f,0xbf,0xdf,0xef,0xf7,0xfb,0xfd,0xde};
  15          //位选（第几列亮）  :第一列到第八列                                       
  16          
  17          u8 row[]={0x00,0x00,0x3e,0x41,0x41,0x41,0x3e,0x00};
  18          //段选（第几行亮）                       0010 0001
  19           
  20          
  21          void delay(u16 i)
  22          {
  23   1              while(i--);
  24   1      }
  25          
  26          void open0()
  27          {
  28   1              EA=1;   //打开CPU总中断
  29   1          EX0=1;      //打开外部中断允许位
  30   1              IT0=1;  //下降沿触发            
  31   1      }
  32          
  33          void open1()
  34          {
  35   1              EA=1;   //打开CPU总中断
  36   1          EX1=1;      //打开外部中断允许位
  37   1              IT1=1;  //下降沿触发            
  38   1      }
  39          
  40          void dz(u8 dat) 
  41          {
  42   1              u8 a;
  43   1              SCK=0;
  44   1              RCK=0;  //拉低电平
  45   1              for(a=0;a<8;a++) //将数据逐位输入到寄存器内
  46   1              {
  47   2              SER=dat>>7;
  48   2              dat<<=1;
  49   2              SCK=1;
  50   2              _nop_();//延时一个机器周期
  51   2              _nop_();
  52   2              SCK=0;   //拉低电平，为下一次上升沿做准备
  53   2              }
  54   1              RCK=1;    //
  55   1              _nop_();
C51 COMPILER V9.01   MAN                                                                   12/27/2020 12:55:53 PAGE 2   

  56   1              _nop_();
  57   1              RCK=0;
  58   1      }
  59          
  60          void main()
  61          {
  62   1              open0();
  63   1              open1();
  64   1              while(1);                         
  65   1      }
  66          
  67          void zhongduan0() interrupt 0
  68          {
  69   1              delay(100);   //按键消抖
  70   1              if(k3==0)
  71   1              {
  72   2                      led=~led;
  73   2              }       
  74   1      }
  75          
  76          void zhongduan1() interrupt 2     //外部中断1的中断号为2！
  77          {
  78   1              delay(100);   //按键消抖
  79   1              if(k4==0)
  80   1              {
  81   2                      u8 i,j;
  82   2                      P0=0x7f;
  83   2                      for(j=0;j<100;j++)      
  84   2                              for(i=0;i<8;i++)
  85   2                              {
  86   3                              P0=col[i];
  87   3                              dz(row[i]);
  88   3                              delay(100);
  89   3                              dz(0x00);                                                       
  90   3                              }
  91   2              }       
  92   1      }


MODULE INFORMATION:   STATIC OVERLAYABLE
   CODE SIZE        =    194    ----
   CONSTANT SIZE    =   ----    ----
   XDATA SIZE       =   ----    ----
   PDATA SIZE       =   ----    ----
   DATA SIZE        =     16       2
   IDATA SIZE       =   ----    ----
   BIT SIZE         =   ----    ----
END OF MODULE INFORMATION.


C51 COMPILATION COMPLETE.  0 WARNING(S),  0 ERROR(S)
