C51 COMPILER V9.01   MAN                                                                   01/06/2021 20:55:34 PAGE 1   


C51 COMPILER V9.01, COMPILATION OF MODULE MAN
OBJECT MODULE PLACED IN man.OBJ
COMPILER INVOKED BY: D:\C51\C51\BIN\C51.EXE man.c BROWSE DEBUG OBJECTEXTEND

line level    source

   1          //每10ms使计时器加一，显示0~9999，按S1时开始，s2停止，在停止时s3加一，s4减一
   2          #include "reg52.h"
   3          #include "intrins.h"
   4          #include <math.h>
   5          typedef unsigned char u8;
   6          typedef unsigned int u16;
   7          sbit LSA=P2^2;
   8          sbit LSB=P2^3;
   9          sbit LSC=P2^4;
  10          sbit k1 = P3^1;
  11          sbit k2 = P3^0;
  12          sbit k3 = P3^2;
  13          sbit k4 = P3^3;
  14          
  15          
  16          u8 code arr[] = {0x3f,0x06,0x5b,0x4f,0x66,0x6d,0x7d,0x07,0x7f,
  17                                                  0x6f,0x77};
  18          
  19          u16 i=0;
  20          
  21          void delay(u16 x)
  22          {
  23   1      while(x--);
  24   1      }
  25          
  26          void display()
  27          {
  28   1              u16 k;
  29   1              for(k=0;k<4;k++)
  30   1              {
  31   2                      switch(k)
  32   2                      {
  33   3                              case(0):  LSA=LSB=LSC=0;                P0 = arr[i%10];         break;
  34   3                              case(1):  LSA=1;LSB=LSC=0;              P0 = arr[i/10%10];              break;
  35   3                              case(2):  LSA=0;LSB=1;LSC=0;    P0 = arr[i/100%10];     break;
  36   3                              case(3):  LSA=LSB=1;LSC=0;              P0 = arr[i/1000%10];    break;
  37   3                      }  
  38   2                      delay(1);
  39   2                      P0=0x00;
  40   2              }
  41   1      }
  42          
  43          void t0_init()
  44          {
  45   1              TMOD = 0x01;
  46   1              TH0= 0Xdb;
  47   1              TL0= 0Xff;
  48   1      }
  49          
  50          void main()
  51          {
  52   1              t0_init();
  53   1              while(1)
  54   1              {
  55   2                      display();
C51 COMPILER V9.01   MAN                                                                   01/06/2021 20:55:34 PAGE 2   

  56   2                      if(k1==0)
  57   2                      {
  58   3                              delay(10);
  59   3                              if(k1==0)
  60   3                              {
  61   4                                      TR0 = 1;
  62   4                                      while( !k1 );
  63   4                              }
  64   3                      }
  65   2                      if(k2==0)
  66   2                      {
  67   3                              delay(10);
  68   3                              if(k2==0)
  69   3                              {
  70   4                                      TR0 = 0;
  71   4                                      while( !k2 );
  72   4                              }
  73   3                      }         
  74   2                      if(k3==0)
  75   2                      {
  76   3                              delay(10);
  77   3                              if(k3 == 0 && TR0 == 0)
  78   3                              {
  79   4                                      i++;
  80   4                                      while( !k3 );
  81   4                              }
  82   3                      }
  83   2                      if(k4==0)
  84   2                      {
  85   3                              delay(10);
  86   3                              if(k4==0 && TR0 == 0)
  87   3                              {               
  88   4                                      i--;
  89   4                                      while( !k4 );
  90   4                              }
  91   3                      }
  92   2                      if(TF0==1)
  93   2                      {
  94   3                              TH0= 0Xdb;
  95   3                              TL0= 0Xff;      
  96   3                              TF0=0;
  97   3                              i++;
  98   3                      }
  99   2                      if(i==9999)
 100   2                      {
 101   3                      i=0;
 102   3                      }
 103   2      
 104   2              }
 105   1      }


MODULE INFORMATION:   STATIC OVERLAYABLE
   CODE SIZE        =    273    ----
   CONSTANT SIZE    =     11    ----
   XDATA SIZE       =   ----    ----
   PDATA SIZE       =   ----    ----
   DATA SIZE        =      2    ----
   IDATA SIZE       =   ----    ----
   BIT SIZE         =   ----    ----
END OF MODULE INFORMATION.


C51 COMPILATION COMPLETE.  0 WARNING(S),  0 ERROR(S)
