C51 COMPILER V9.01   MAN                                                                   03/09/2021 21:26:07 PAGE 1   


C51 COMPILER V9.01, COMPILATION OF MODULE MAN
OBJECT MODULE PLACED IN man.OBJ
COMPILER INVOKED BY: D:\C51\C51\BIN\C51.EXE man.c BROWSE DEBUG OBJECTEXTEND

line level    source

   1          #include <reg51.h>
   2          #include "intrins.h"
   3          typedef unsigned char u8;
   4          typedef unsigned int u16;
   5          
   6          sbit LSA=P2^2;
   7          sbit LSB=P2^3;
   8          sbit LSC=P2^4;
   9          
  10          #define GPIO_KEY P1 
  11          #define GPIO_DIG P0 
  12          
  13          u8 code arr[] = {0x3f,0x06,0x5b,0x4f,0x66,0x6d,0x7d,0x07,0x7f,
  14                                                  0x6f,0x77};
  15          u8 a;                    //记住按键对应的值
  16          void delay(u16 i)
  17          {
  18   1              while(i--);
  19   1      }
  20          
  21          void key()      //判断按键位置
  22          {
  23   1              u8 b=0;
  24   1                GPIO_KEY=0x0f;
  25   1                if(GPIO_KEY!=0x0f)
  26   1                {
  27   2                         delay(100);     //消抖
  28   2                         if(GPIO_KEY!=0x0f)
  29   2                         {
  30   3                                      GPIO_KEY=0x0f;                  //保险起见？
  31   3                                      switch(GPIO_KEY)
  32   3                                      {
  33   4                                        case 0x07:    a=0;    break;  //第一列按键按下（P13口为0）
  34   4                                        case 0x0b:    a=1;    break;
  35   4                                        case 0x0d:    a=2;    break;
  36   4                                        case 0x0e:    a=3;    break;
  37   4                                      }
  38   3                                      GPIO_KEY=0xf0;             //保险？
  39   3                                      switch(GPIO_KEY)
  40   3                                      {
  41   4                                        case 0x70:                    break;  
  42   4                                        case 0xb0:    a+=4;   break;
  43   4                                        case 0xd0:    a+=8;   break;
  44   4                                        case 0xe0:    a+=12;  break;
  45   4                                      }
  46   3                                      while(GPIO_KEY!=0xf0 && ++b<500)
  47   3                                      {
  48   4                                              delay(100);
  49   4                                      }
  50   3                         }
  51   2                }
  52   1      }
  53          void main()
  54          {
  55   1              LSA = 0;
C51 COMPILER V9.01   MAN                                                                   03/09/2021 21:26:07 PAGE 2   

  56   1              LSB = 0;
  57   1              LSC = 0;
  58   1              while(1)
  59   1              {                
  60   2                         u8 i;
  61   2                         key();
  62   2                         for(i=0;i<8;i++)
  63   2                         {
  64   3                                      switch(i)
  65   3                                      {
  66   4                                      case(0):  LSA=LSB=LSC=0; break;
  67   4                                      case(1):  LSA=1;LSB=LSC=0; break;
  68   4                                      case(2):  LSA=0;LSB=1;LSC=0; break;
  69   4                                      case(3):  LSA=LSB=1;LSC=0; break;
  70   4                                      case(4):  LSA=LSB=0;LSC=1; break;
  71   4                                      case(5):  LSA=1;LSB=0;LSC=1; break;
  72   4                                      case(6):  LSA=0;LSB=LSC=1; break;
  73   4                                      case(7):  LSA=LSB=LSC=1; break;                         
  74   4                                      }  
  75   3                                      GPIO_DIG = arr[a]; //段选
  76   3                                      P0=0x00;                  //消影
  77   3                              }                  
  78   2              }
  79   1      }


MODULE INFORMATION:   STATIC OVERLAYABLE
   CODE SIZE        =    269    ----
   CONSTANT SIZE    =     11    ----
   XDATA SIZE       =   ----    ----
   PDATA SIZE       =   ----    ----
   DATA SIZE        =      1       2
   IDATA SIZE       =   ----    ----
   BIT SIZE         =   ----    ----
END OF MODULE INFORMATION.


C51 COMPILATION COMPLETE.  0 WARNING(S),  0 ERROR(S)
