C51 COMPILER V9.01   MAN                                                                   03/09/2021 12:56:32 PAGE 1   


C51 COMPILER V9.01, COMPILATION OF MODULE MAN
OBJECT MODULE PLACED IN man.OBJ
COMPILER INVOKED BY: D:\C51\C51\BIN\C51.EXE man.c BROWSE DEBUG OBJECTEXTEND

line level    source

   1          #include <reg51.h>
   2          #include "intrins.h"
   3          #define uchar unsigned char
   4          #define uint unsigned int 
   5          sbit led = P2^0;
   6          sbit k1 = P3^1;
   7          typedef unsigned char u8;
   8          typedef unsigned int u16;
   9          sbit LSA=P2^2;
  10          sbit LSB=P2^3;
  11          sbit LSC=P2^4;
  12          
  13          u8 keysit = 1;
  14          u8 code arr[] = {0x3f,0x06,0x5b,0x4f,0x66,
  15                                          0x6d,0x7d,0x07,0x7f,0x6f,0x77};
  16          
  17          int main()
  18          {
  19   1              u8 i = 0;
  20   1              u8 backup = 1;
  21   1              EA = 1;
  22   1              TMOD = 0X01;
  23   1              TH0 = 0XF8;
  24   1              TL0 = 0XCD;
  25   1              ET0 = 1;
  26   1              TR0 = 1;
  27   1              LSA = LSB = LSC = 0;
  28   1              P0 = arr[i];
  29   1              while(1)
  30   1              {
  31   2                      if(backup != keysit)
  32   2                      {
  33   3                              if(backup == 0)
  34   3                              {
  35   4                                      i++;
  36   4                                      if(i==10) i = 0;
  37   4                                      P0 = arr[i];
  38   4                              }
  39   3                      backup = keysit;
  40   3                      }
  41   2              }
  42   1      }
  43          
  44          void InterruptTimer0()  interrupt 1
  45          {
  46   1              static u8 keybuf = 0xFF; 
  47   1              TH0 = 0XF8;
  48   1              TL0 = 0XCD;
  49   1      
  50   1              keybuf = (keybuf << 1) | k1;
  51   1              if(keybuf == 0xff)
  52   1              {
  53   2                      keysit = 1;
  54   2              }       
  55   1              else if(keybuf == 0x00)
C51 COMPILER V9.01   MAN                                                                   03/09/2021 12:56:32 PAGE 2   

  56   1              {
  57   2                      keysit = 0;
  58   2              }
  59   1      }


MODULE INFORMATION:   STATIC OVERLAYABLE
   CODE SIZE        =    103    ----
   CONSTANT SIZE    =     11    ----
   XDATA SIZE       =   ----    ----
   PDATA SIZE       =   ----    ----
   DATA SIZE        =      2    ----
   IDATA SIZE       =   ----    ----
   BIT SIZE         =   ----    ----
END OF MODULE INFORMATION.


C51 COMPILATION COMPLETE.  0 WARNING(S),  0 ERROR(S)
