C51 COMPILER V9.01   MAN                                                                   12/26/2020 13:40:08 PAGE 1   


C51 COMPILER V9.01, COMPILATION OF MODULE MAN
OBJECT MODULE PLACED IN man.OBJ
COMPILER INVOKED BY: D:\C51\C51\BIN\C51.EXE man.c BROWSE DEBUG OBJECTEXTEND

line level    source

   1          #include "reg51.h"
   2          #include "intrins.h"
   3          typedef unsigned char u8;
   4          typedef unsigned int u16;
   5          sbit SER=P3^4;
   6          sbit SCK=P3^6;
   7          sbit RCK=P3^5;
   8          
   9          u8 col[]={0x7f,0xbf,0xdf,0xef,0xf7,0xfb,0xfd,0xde};
  10          //位选（第几列亮）  :第一列到第八列                                       
  11          
  12          u8 row[]={0x00,0x00,0x3e,0x41,0x41,0x41,0x3e,0x00};
  13          //段选（第几行亮）                       0010 0001
  14          
  15          void delay(u8 i)
  16          {
  17   1              while(i--);
  18   1      }
  19          void dz(u8 dat) 
  20          {
  21   1              u8 a;
  22   1              SCK=0;
  23   1              RCK=0;  //拉低电平
  24   1              for(a=0;a<8;a++) //将数据逐位输入到寄存器内
  25   1              {
  26   2              SER=dat>>7;
  27   2              dat<<=1;
  28   2              SCK=1;
  29   2              _nop_();//延时一个机器周期
  30   2              _nop_();
  31   2              SCK=0;   //拉低电平，为下一次上升沿做准备
  32   2              }
  33   1              RCK=1;    //
  34   1              _nop_();
  35   1              _nop_();
  36   1              RCK=0;
  37   1      }
  38          
  39          void main()
  40          {
  41   1              u8 i;
  42   1              P0=0x7f;
  43   1              while(1)
  44   1              {
  45   2                      for(i=0;i<8;i++)
  46   2                      {
  47   3                      P0=col[i];
  48   3                      dz(row[i]);
  49   3                      delay(100);
  50   3                      dz(0x00);               
  51   3                       }              
  52   2              }
  53   1      }


C51 COMPILER V9.01   MAN                                                                   12/26/2020 13:40:08 PAGE 2   

MODULE INFORMATION:   STATIC OVERLAYABLE
   CODE SIZE        =     82    ----
   CONSTANT SIZE    =   ----    ----
   XDATA SIZE       =   ----    ----
   PDATA SIZE       =   ----    ----
   DATA SIZE        =     16    ----
   IDATA SIZE       =   ----    ----
   BIT SIZE         =   ----    ----
END OF MODULE INFORMATION.


C51 COMPILATION COMPLETE.  0 WARNING(S),  0 ERROR(S)
