C51 COMPILER V9.01   MAN                                                                   12/24/2020 22:13:49 PAGE 1   


C51 COMPILER V9.01, COMPILATION OF MODULE MAN
OBJECT MODULE PLACED IN man.OBJ
COMPILER INVOKED BY: D:\C51\C51\BIN\C51.EXE man.c BROWSE DEBUG OBJECTEXTEND

line level    source

   1          #include "reg52.h"                       //此文件中定义了单片机的一些特殊功能寄存器
   2          #include<intrins.h>             //因为要用到左右移函数，所以加入这个头文件
   3          
   4          typedef unsigned int u16;         //对数据类型进行声明定义
   5          typedef unsigned char u8;
   6          
   7          sbit moto=P1^3;          
   8          
   9          /*******************************************************************************
  10          * 函 数 名         : delay
  11          * 函数功能                 : 延时函数，i=1时，大约延时10us
  12          *******************************************************************************/
  13          void delay(u16 i)
  14          {
  15   1              while(i--);     
  16   1      }
  17          
  18          /*******************************************************************************
  19          * 函 数 名       : main
  20          * 函数功能               : 主函数
  21          * 输    入       : 无
  22          * 输    出       : 无
  23          *******************************************************************************/
  24          void main()
  25          {       
  26   1              u8 i;
  27   1              moto=0;                 //关闭电机
  28   1              for(i=0;i<100;i++)        //循环100次，也就是大约5S
  29   1              {
  30   2                      moto=1;                  //开启电机
  31   2                      delay(5000);    //大约延时50ms
  32   2              }
  33   1              moto=0;                 //关闭电机
  34   1      
  35   1              while(1)
  36   1              {       
  37   2                                                      
  38   2              }
  39   1      }


MODULE INFORMATION:   STATIC OVERLAYABLE
   CODE SIZE        =     32    ----
   CONSTANT SIZE    =   ----    ----
   XDATA SIZE       =   ----    ----
   PDATA SIZE       =   ----    ----
   DATA SIZE        =   ----    ----
   IDATA SIZE       =   ----    ----
   BIT SIZE         =   ----    ----
END OF MODULE INFORMATION.


C51 COMPILATION COMPLETE.  0 WARNING(S),  0 ERROR(S)
